<?xml version="1.0" encoding="UTF-8"?>
<!-- Generated by org.testng.reporters.JUnitXMLReporter -->
<testsuite ignored="0" hostname="DESKTOP-JFDPES6" failures="0" tests="1" name="Test-3" time="6.304" errors="0" timestamp="08 Sept 2023 12:16:07 GMT">
  <testcase classname="org.Testng.CrossBrowser" name="tc1" time="6.302"/>
</testsuite> <!-- Test-3 -->
