<?xml version="1.0" encoding="UTF-8"?>
<!-- Generated by org.testng.reporters.JUnitReportReporter -->
<testsuite hostname="DESKTOP-JFDPES6" failures="0" tests="1" name="org.Testng.Employee" time="0.023" errors="0" timestamp="08 Sept 2023 01:27:16 GMT" skipped="0">
  <testcase classname="org.Testng.Employee" name="tc11" time="0.023"/>
</testsuite> <!-- org.Testng.Employee -->
