<?xml version="1.0" encoding="UTF-8"?>
<!-- Generated by org.testng.reporters.JUnitReportReporter -->
<testsuite hostname="DESKTOP-JFDPES6" failures="0" tests="1" name="org.pojologin.TestngopleExecution" time="0.601" errors="0" timestamp="09 Sept 2023 07:12:09 GMT" skipped="0">
  <testcase classname="org.pojologin.TestngopleExecution" name="tc3" time="0.601"/>
</testsuite> <!-- org.pojologin.TestngopleExecution -->
